CRITICAL - 2023-02-21 06:44:13 --> Invalid file: "templates/header.php"
in SYSTEMPATH\Exceptions\FrameworkException.php on line 33.
 1 SYSTEMPATH\View\View.php(201): CodeIgniter\Exceptions\FrameworkException::forInvalidFile('templates/header.php')
 2 SYSTEMPATH\Common.php(1177): CodeIgniter\View\View->render('templates/header', [], true)
 3 APPPATH\Controllers\Pages.php(23): view('templates/header', [...])
 4 SYSTEMPATH\CodeIgniter.php(934): App\Controllers\Pages->view('home')
 5 SYSTEMPATH\CodeIgniter.php(499): CodeIgniter\CodeIgniter->runController(Object(App\Controllers\Pages))
 6 SYSTEMPATH\CodeIgniter.php(368): CodeIgniter\CodeIgniter->handleRequest(null, Object(Config\Cache), false)
 7 FCPATH\index.php(67): CodeIgniter\CodeIgniter->run()
CRITICAL - 2023-02-21 06:44:41 --> Invalid file: "templates/header.php"
in SYSTEMPATH\Exceptions\FrameworkException.php on line 33.
 1 SYSTEMPATH\View\View.php(201): CodeIgniter\Exceptions\FrameworkException::forInvalidFile('templates/header.php')
 2 SYSTEMPATH\Common.php(1177): CodeIgniter\View\View->render('templates/header', [], true)
 3 APPPATH\Controllers\Pages.php(23): view('templates/header', [...])
 4 SYSTEMPATH\CodeIgniter.php(934): App\Controllers\Pages->view('home')
 5 SYSTEMPATH\CodeIgniter.php(499): CodeIgniter\CodeIgniter->runController(Object(App\Controllers\Pages))
 6 SYSTEMPATH\CodeIgniter.php(368): CodeIgniter\CodeIgniter->handleRequest(null, Object(Config\Cache), false)
 7 FCPATH\index.php(67): CodeIgniter\CodeIgniter->run()
CRITICAL - 2023-02-21 06:45:42 --> Invalid file: "templates/header.php"
in SYSTEMPATH\Exceptions\FrameworkException.php on line 33.
 1 SYSTEMPATH\View\View.php(201): CodeIgniter\Exceptions\FrameworkException::forInvalidFile('templates/header.php')
 2 SYSTEMPATH\Common.php(1177): CodeIgniter\View\View->render('templates/header', [], true)
 3 APPPATH\Controllers\Pages.php(23): view('templates/header', [...])
 4 SYSTEMPATH\CodeIgniter.php(934): App\Controllers\Pages->view('about')
 5 SYSTEMPATH\CodeIgniter.php(499): CodeIgniter\CodeIgniter->runController(Object(App\Controllers\Pages))
 6 SYSTEMPATH\CodeIgniter.php(368): CodeIgniter\CodeIgniter->handleRequest(null, Object(Config\Cache), false)
 7 FCPATH\index.php(67): CodeIgniter\CodeIgniter->run()
CRITICAL - 2023-02-21 07:20:49 --> Call to undefined function link_tag()
in APPPATH\Views\templates\header.php on line 4.
 1 SYSTEMPATH\View\View.php(213): include()
 2 SYSTEMPATH\View\View.php(216): CodeIgniter\View\View->CodeIgniter\View\{closure}()
 3 SYSTEMPATH\Common.php(1177): CodeIgniter\View\View->render('templates/header', [], true)
 4 APPPATH\Controllers\Pages.php(23): view('templates/header', [...])
 5 SYSTEMPATH\CodeIgniter.php(934): App\Controllers\Pages->view('about')
 6 SYSTEMPATH\CodeIgniter.php(499): CodeIgniter\CodeIgniter->runController(Object(App\Controllers\Pages))
 7 SYSTEMPATH\CodeIgniter.php(368): CodeIgniter\CodeIgniter->handleRequest(null, Object(Config\Cache), false)
 8 FCPATH\index.php(67): CodeIgniter\CodeIgniter->run()
CRITICAL - 2023-02-21 07:21:11 --> Call to undefined function link_tag()
in APPPATH\Views\templates\header.php on line 4.
 1 SYSTEMPATH\View\View.php(213): include()
 2 SYSTEMPATH\View\View.php(216): CodeIgniter\View\View->CodeIgniter\View\{closure}()
 3 SYSTEMPATH\Common.php(1177): CodeIgniter\View\View->render('templates/header', [], true)
 4 APPPATH\Controllers\Pages.php(23): view('templates/header', [...])
 5 SYSTEMPATH\CodeIgniter.php(934): App\Controllers\Pages->view('about')
 6 SYSTEMPATH\CodeIgniter.php(499): CodeIgniter\CodeIgniter->runController(Object(App\Controllers\Pages))
 7 SYSTEMPATH\CodeIgniter.php(368): CodeIgniter\CodeIgniter->handleRequest(null, Object(Config\Cache), false)
 8 FCPATH\index.php(67): CodeIgniter\CodeIgniter->run()
CRITICAL - 2023-02-21 07:22:05 --> Call to undefined function link_tag()
in APPPATH\Views\templates\header.php on line 4.
 1 SYSTEMPATH\View\View.php(213): include()
 2 SYSTEMPATH\View\View.php(216): CodeIgniter\View\View->CodeIgniter\View\{closure}()
 3 SYSTEMPATH\Common.php(1177): CodeIgniter\View\View->render('templates/header', [], true)
 4 APPPATH\Controllers\Pages.php(23): view('templates/header', [...])
 5 SYSTEMPATH\CodeIgniter.php(934): App\Controllers\Pages->view('about')
 6 SYSTEMPATH\CodeIgniter.php(499): CodeIgniter\CodeIgniter->runController(Object(App\Controllers\Pages))
 7 SYSTEMPATH\CodeIgniter.php(368): CodeIgniter\CodeIgniter->handleRequest(null, Object(Config\Cache), false)
 8 FCPATH\index.php(67): CodeIgniter\CodeIgniter->run()
CRITICAL - 2023-02-21 07:22:06 --> Call to undefined function link_tag()
in APPPATH\Views\templates\header.php on line 4.
 1 SYSTEMPATH\View\View.php(213): include()
 2 SYSTEMPATH\View\View.php(216): CodeIgniter\View\View->CodeIgniter\View\{closure}()
 3 SYSTEMPATH\Common.php(1177): CodeIgniter\View\View->render('templates/header', [], true)
 4 APPPATH\Controllers\Pages.php(23): view('templates/header', [...])
 5 SYSTEMPATH\CodeIgniter.php(934): App\Controllers\Pages->view('about')
 6 SYSTEMPATH\CodeIgniter.php(499): CodeIgniter\CodeIgniter->runController(Object(App\Controllers\Pages))
 7 SYSTEMPATH\CodeIgniter.php(368): CodeIgniter\CodeIgniter->handleRequest(null, Object(Config\Cache), false)
 8 FCPATH\index.php(67): CodeIgniter\CodeIgniter->run()
CRITICAL - 2023-02-21 07:22:07 --> Call to undefined function link_tag()
in APPPATH\Views\templates\header.php on line 4.
 1 SYSTEMPATH\View\View.php(213): include()
 2 SYSTEMPATH\View\View.php(216): CodeIgniter\View\View->CodeIgniter\View\{closure}()
 3 SYSTEMPATH\Common.php(1177): CodeIgniter\View\View->render('templates/header', [], true)
 4 APPPATH\Controllers\Pages.php(23): view('templates/header', [...])
 5 SYSTEMPATH\CodeIgniter.php(934): App\Controllers\Pages->view('home')
 6 SYSTEMPATH\CodeIgniter.php(499): CodeIgniter\CodeIgniter->runController(Object(App\Controllers\Pages))
 7 SYSTEMPATH\CodeIgniter.php(368): CodeIgniter\CodeIgniter->handleRequest(null, Object(Config\Cache), false)
 8 FCPATH\index.php(67): CodeIgniter\CodeIgniter->run()
CRITICAL - 2023-02-21 07:22:15 --> Call to undefined function link_tag()
in APPPATH\Views\templates\header.php on line 4.
 1 SYSTEMPATH\View\View.php(213): include()
 2 SYSTEMPATH\View\View.php(216): CodeIgniter\View\View->CodeIgniter\View\{closure}()
 3 SYSTEMPATH\Common.php(1177): CodeIgniter\View\View->render('templates/header', [], true)
 4 APPPATH\Controllers\Pages.php(23): view('templates/header', [...])
 5 SYSTEMPATH\CodeIgniter.php(934): App\Controllers\Pages->view('home')
 6 SYSTEMPATH\CodeIgniter.php(499): CodeIgniter\CodeIgniter->runController(Object(App\Controllers\Pages))
 7 SYSTEMPATH\CodeIgniter.php(368): CodeIgniter\CodeIgniter->handleRequest(null, Object(Config\Cache), false)
 8 FCPATH\index.php(67): CodeIgniter\CodeIgniter->run()
CRITICAL - 2023-02-21 07:23:12 --> Call to undefined function link_tag()
in APPPATH\Views\templates\header.php on line 4.
 1 SYSTEMPATH\View\View.php(213): include()
 2 SYSTEMPATH\View\View.php(216): CodeIgniter\View\View->CodeIgniter\View\{closure}()
 3 SYSTEMPATH\Common.php(1177): CodeIgniter\View\View->render('templates/header', [], true)
 4 APPPATH\Controllers\Pages.php(23): view('templates/header', [...])
 5 SYSTEMPATH\CodeIgniter.php(934): App\Controllers\Pages->view('home')
 6 SYSTEMPATH\CodeIgniter.php(499): CodeIgniter\CodeIgniter->runController(Object(App\Controllers\Pages))
 7 SYSTEMPATH\CodeIgniter.php(368): CodeIgniter\CodeIgniter->handleRequest(null, Object(Config\Cache), false)
 8 FCPATH\index.php(67): CodeIgniter\CodeIgniter->run()
CRITICAL - 2023-02-21 07:23:15 --> Call to undefined function link_tag()
in APPPATH\Views\templates\header.php on line 4.
 1 SYSTEMPATH\View\View.php(213): include()
 2 SYSTEMPATH\View\View.php(216): CodeIgniter\View\View->CodeIgniter\View\{closure}()
 3 SYSTEMPATH\Common.php(1177): CodeIgniter\View\View->render('templates/header', [], true)
 4 APPPATH\Controllers\Pages.php(23): view('templates/header', [...])
 5 SYSTEMPATH\CodeIgniter.php(934): App\Controllers\Pages->view('home')
 6 SYSTEMPATH\CodeIgniter.php(499): CodeIgniter\CodeIgniter->runController(Object(App\Controllers\Pages))
 7 SYSTEMPATH\CodeIgniter.php(368): CodeIgniter\CodeIgniter->handleRequest(null, Object(Config\Cache), false)
 8 FCPATH\index.php(67): CodeIgniter\CodeIgniter->run()
CRITICAL - 2023-02-21 07:23:26 --> Call to undefined function link_tag()
in APPPATH\Views\templates\header.php on line 4.
 1 SYSTEMPATH\View\View.php(213): include()
 2 SYSTEMPATH\View\View.php(216): CodeIgniter\View\View->CodeIgniter\View\{closure}()
 3 SYSTEMPATH\Common.php(1177): CodeIgniter\View\View->render('templates/header', [], true)
 4 APPPATH\Controllers\Pages.php(23): view('templates/header', [...])
 5 SYSTEMPATH\CodeIgniter.php(934): App\Controllers\Pages->view('home')
 6 SYSTEMPATH\CodeIgniter.php(499): CodeIgniter\CodeIgniter->runController(Object(App\Controllers\Pages))
 7 SYSTEMPATH\CodeIgniter.php(368): CodeIgniter\CodeIgniter->handleRequest(null, Object(Config\Cache), false)
 8 FCPATH\index.php(67): CodeIgniter\CodeIgniter->run()
CRITICAL - 2023-02-21 07:25:44 --> Call to undefined function link_tag()
in APPPATH\Views\templates\header.php on line 4.
 1 SYSTEMPATH\View\View.php(213): include()
 2 SYSTEMPATH\View\View.php(216): CodeIgniter\View\View->CodeIgniter\View\{closure}()
 3 SYSTEMPATH\Common.php(1177): CodeIgniter\View\View->render('templates/header', [], true)
 4 APPPATH\Controllers\Pages.php(23): view('templates/header', [...])
 5 SYSTEMPATH\CodeIgniter.php(934): App\Controllers\Pages->view('home')
 6 SYSTEMPATH\CodeIgniter.php(499): CodeIgniter\CodeIgniter->runController(Object(App\Controllers\Pages))
 7 SYSTEMPATH\CodeIgniter.php(368): CodeIgniter\CodeIgniter->handleRequest(null, Object(Config\Cache), false)
 8 FCPATH\index.php(67): CodeIgniter\CodeIgniter->run()
